0 info it worked if it ends with ok
1 verbose cli [ 'D:\\liuWork\\node\\node.exe',
1 verbose cli   'D:\\liuWork\\node\\node_modules\\npm\\bin\\npm-cli.js',
1 verbose cli   'install',
1 verbose cli   'g',
1 verbose cli   'n' ]
2 info using npm@3.8.3
3 info using node@v5.10.1
4 silly loadCurrentTree Starting
5 silly install loadCurrentTree
6 silly install readLocalPackageData
7 silly fetchPackageMetaData g
8 silly fetchPackageMetaData n
9 silly fetchNamedPackageData g
10 silly mapToRegistry name g
11 silly mapToRegistry using default registry
12 silly mapToRegistry registry https://registry.npmjs.org/
13 silly mapToRegistry data Result {
13 silly mapToRegistry   raw: 'g',
13 silly mapToRegistry   scope: null,
13 silly mapToRegistry   name: 'g',
13 silly mapToRegistry   rawSpec: '',
13 silly mapToRegistry   spec: 'latest',
13 silly mapToRegistry   type: 'tag' }
14 silly mapToRegistry uri https://registry.npmjs.org/g
15 silly fetchNamedPackageData n
16 silly mapToRegistry name n
17 silly mapToRegistry using default registry
18 silly mapToRegistry registry https://registry.npmjs.org/
19 silly mapToRegistry data Result {
19 silly mapToRegistry   raw: 'n',
19 silly mapToRegistry   scope: null,
19 silly mapToRegistry   name: 'n',
19 silly mapToRegistry   rawSpec: '',
19 silly mapToRegistry   spec: 'latest',
19 silly mapToRegistry   type: 'tag' }
20 silly mapToRegistry uri https://registry.npmjs.org/n
21 verbose request uri https://registry.npmjs.org/g
22 verbose request no auth needed
23 info attempt registry request try #1 at 19:31:44
24 verbose request id 7606019fbe5ddc35
25 verbose etag "57369939-205b"
26 http request GET https://registry.npmjs.org/g
27 verbose request uri https://registry.npmjs.org/n
28 verbose request no auth needed
29 info attempt registry request try #1 at 19:31:44
30 verbose etag "584f1c1f-f9ff"
31 http request GET https://registry.npmjs.org/n
32 http 304 https://registry.npmjs.org/n
33 verbose headers { date: 'Wed, 21 Dec 2016 11:31:07 GMT',
33 verbose headers   via: '1.1 varnish',
33 verbose headers   'cache-control': 'max-age=300',
33 verbose headers   etag: '"584f1c1f-f9ff"',
33 verbose headers   age: '76',
33 verbose headers   connection: 'keep-alive',
33 verbose headers   'x-served-by': 'cache-itm7420-ITM',
33 verbose headers   'x-cache': 'HIT',
33 verbose headers   'x-cache-hits': '3',
33 verbose headers   'x-timer': 'S1482319867.676051,VS0,VE0',
33 verbose headers   vary: 'Accept-Encoding' }
34 silly get cb [ 304,
34 silly get   { date: 'Wed, 21 Dec 2016 11:31:07 GMT',
34 silly get     via: '1.1 varnish',
34 silly get     'cache-control': 'max-age=300',
34 silly get     etag: '"584f1c1f-f9ff"',
34 silly get     age: '76',
34 silly get     connection: 'keep-alive',
34 silly get     'x-served-by': 'cache-itm7420-ITM',
34 silly get     'x-cache': 'HIT',
34 silly get     'x-cache-hits': '3',
34 silly get     'x-timer': 'S1482319867.676051,VS0,VE0',
34 silly get     vary: 'Accept-Encoding' } ]
35 verbose etag https://registry.npmjs.org/n from cache
36 verbose get saving n to C:\Users\Administrator\AppData\Roaming\npm-cache\registry.npmjs.org\n\.cache.json
37 verbose correctMkdir C:\Users\Administrator\AppData\Roaming\npm-cache correctMkdir not in flight; initializing
38 http 304 https://registry.npmjs.org/g
39 verbose headers { date: 'Wed, 21 Dec 2016 11:31:07 GMT',
39 verbose headers   via: '1.1 varnish',
39 verbose headers   'cache-control': 'max-age=300',
39 verbose headers   etag: '"57369939-205b"',
39 verbose headers   age: '15',
39 verbose headers   connection: 'keep-alive',
39 verbose headers   'x-served-by': 'cache-itm7427-ITM',
39 verbose headers   'x-cache': 'HIT',
39 verbose headers   'x-cache-hits': '1',
39 verbose headers   'x-timer': 'S1482319867.680806,VS0,VE0',
39 verbose headers   vary: 'Accept-Encoding' }
40 silly get cb [ 304,
40 silly get   { date: 'Wed, 21 Dec 2016 11:31:07 GMT',
40 silly get     via: '1.1 varnish',
40 silly get     'cache-control': 'max-age=300',
40 silly get     etag: '"57369939-205b"',
40 silly get     age: '15',
40 silly get     connection: 'keep-alive',
40 silly get     'x-served-by': 'cache-itm7427-ITM',
40 silly get     'x-cache': 'HIT',
40 silly get     'x-cache-hits': '1',
40 silly get     'x-timer': 'S1482319867.680806,VS0,VE0',
40 silly get     vary: 'Accept-Encoding' } ]
41 verbose etag https://registry.npmjs.org/g from cache
42 verbose get saving g to C:\Users\Administrator\AppData\Roaming\npm-cache\registry.npmjs.org\g\.cache.json
43 verbose correctMkdir C:\Users\Administrator\AppData\Roaming\npm-cache correctMkdir already in flight; waiting
44 silly install normalizeTree
45 silly loadCurrentTree Finishing
46 silly loadIdealTree Starting
47 silly install loadIdealTree
48 silly cloneCurrentTree Starting
49 silly install cloneCurrentTreeToIdealTree
50 silly cloneCurrentTree Finishing
51 silly loadShrinkwrap Starting
52 silly install loadShrinkwrap
53 silly loadShrinkwrap Finishing
54 silly loadAllDepsIntoIdealTree Starting
55 silly install loadAllDepsIntoIdealTree
56 silly rollbackFailedOptional Starting
57 silly rollbackFailedOptional Finishing
58 silly runTopLevelLifecycles Starting
59 silly runTopLevelLifecycles Finishing
60 silly install printInstalled
61 verbose stack Error: Unsupported platform for n@2.1.4: wanted {"name":"n","description":"Interactively Manage All Your Node Versions","version":"2.1.4","author":{"name":"TJ Holowaychuk","email":"tj@vision-media.ca"},"homepage":"https://github.com/tj/n","bugs":{"url":"https://github.com/tj/n/issues"},"contributors":[{"name":"Travis Webb","email":"me@traviswebb.com","url":"tjw.io"},{"name":"Nimit Kalra","email":"me@nimit.io","url":"http://nimit.io"},{"name":"Troy Connor","email":"troy0820@gmail.com","url":"https://github.com/troy0820"}],"keywords":["nvm","node","version","manager","switcher","node","binary","env"],"bin":{"n":"./bin/n"},"repository":{"type":"git","url":"git://github.com/tj/n.git"},"preferGlobal":true,"os":["!win32"],"engines":{"node":"*"},"license":"MIT","gitHead":"ff9ba303d972069903c0f951ece43f47adce24e8","_id":"n@2.1.4","scripts":{},"_npmVersion":"3.10.3","_nodeVersion":"6.3.1","_npmUser":{"name":"qw3rtman","email":"me@nimit.io"},"dist":{"shasum":"7546bc467a120cc96718f2716cd86c43290f94c5","tarball":"https://registry.npmjs.org/n/-/n-2.1.4.tgz"},"maintainers":[{"name":"bat","email":"ben@benatkin.com"},{"name":"qw3rtman","email":"nimit@nimitkalra.com"},{"name":"tedgaydos","email":"tedgaydos@gmail.com"},{"name":"tjholowaychuk","email":"tj@vision-media.ca"},{"name":"tjwebb","email":"me@traviswebb.com"},{"name":"troy0820","email":"troy.connor@yahoo.com"}],"_npmOperationalInternal":{"host":"packages-16-east.internal.npmjs.com","tmp":"tmp/n-2.1.4.tgz_1470600124670_0.21058935346081853"},"directories":{},"_requested":{"raw":"n","scope":null,"name":"n","rawSpec":"","spec":"latest","type":"tag"},"_spec":"n","_where":"D:\\liuWork\\work\\easy-share\\easy-share","_args":[["n","D:\\liuWork\\work\\easy-share\\easy-share"]],"readme":"ERROR: No README data found!"} (current: {"os":"win32","cpu":"x64"})
61 verbose stack     at checkPlatform (D:\liuWork\node\node_modules\npm\node_modules\npm-install-checks\index.js:45:14)
61 verbose stack     at thenWarnEngineIssues (D:\liuWork\node\node_modules\npm\lib\install\validate-args.js:41:5)
61 verbose stack     at D:\liuWork\node\node_modules\npm\node_modules\iferr\index.js:13:50
61 verbose stack     at checkEngine (D:\liuWork\node\node_modules\npm\node_modules\npm-install-checks\index.js:24:10)
61 verbose stack     at module.exports.isInstallable (D:\liuWork\node\node_modules\npm\lib\install\validate-args.js:38:3)
61 verbose stack     at Array.<anonymous> (D:\liuWork\node\node_modules\npm\node_modules\slide\lib\bind-actor.js:15:8)
61 verbose stack     at LOOP (D:\liuWork\node\node_modules\npm\node_modules\slide\lib\chain.js:15:14)
61 verbose stack     at D:\liuWork\node\node_modules\npm\node_modules\slide\lib\chain.js:18:7
61 verbose stack     at checkSelf (D:\liuWork\node\node_modules\npm\lib\install\validate-args.js:46:72)
61 verbose stack     at Array.<anonymous> (D:\liuWork\node\node_modules\npm\node_modules\slide\lib\bind-actor.js:15:8)
62 verbose pkgid n@2.1.4
63 verbose cwd D:\liuWork\work\easy-share\easy-share
64 error Windows_NT 6.1.7601
65 error argv "D:\\liuWork\\node\\node.exe" "D:\\liuWork\\node\\node_modules\\npm\\bin\\npm-cli.js" "install" "g" "n"
66 error node v5.10.1
67 error npm  v3.8.3
68 error code EBADPLATFORM
69 error notsup Not compatible with your operating system or architecture: n@2.1.4
70 error notsup Valid OS:    !win32
70 error notsup Valid Arch:  any
70 error notsup Actual OS:   win32
70 error notsup Actual Arch: x64
71 verbose exit [ 1, true ]
